<?xml version="1.0" encoding="UTF-8"?>
<!-- Generated by org.testng.reporters.JUnitXMLReporter -->
<testsuite hostname="Princess-PC" ignored="0" name="Test" tests="3" failures="1" timestamp="09 May 2019 02:10:29 GMT" time="70.53" errors="0">
  <testcase name="loginTest" time="1.03" classname="com.ecom.qa.tests.LoginPageTest"/>
  <testcase name="loginPageTitleTest" time="0.155" classname="com.ecom.qa.tests.LoginPageTest">
    <failure type="java.lang.AssertionError" message="expected [GCR ] but found [GCR Shop]">
      <![CDATA[java.lang.AssertionError: expected [GCR ] but found [GCR Shop]
at com.ecom.qa.tests.LoginPageTest.loginPageTitleTest(LoginPageTest.java:42)
... Removed 31 stack frames]]>
    </failure>
  </testcase> <!-- loginPageTitleTest -->
  <testcase name="logoLoginPageTest" time="0.211" classname="com.ecom.qa.tests.LoginPageTest"/>
</testsuite> <!-- Test -->
