<?xml version="1.0" encoding="UTF-8"?>
<!-- Generated by org.testng.reporters.JUnitXMLReporter -->
<testsuite hostname="Princess-PC" ignored="0" name="Default test" tests="3" failures="0" timestamp="09 May 2019 21:56:52 GMT" time="81.675" errors="0">
  <testcase name="loginTest" time="2.203" classname="com.ecom.qa.tests.LoginPageTest"/>
  <testcase name="loginPageTitleTest" time="0.053" classname="com.ecom.qa.tests.LoginPageTest"/>
  <testcase name="logoLoginPageTest" time="0.212" classname="com.ecom.qa.tests.LoginPageTest"/>
</testsuite> <!-- Default test -->
